<?xml version="1.0" encoding="utf-8"?>
<test-run id="2" testcasecount="4" result="Failed(Child)" total="4" passed="1" failed="3" inconclusive="0" skipped="0" asserts="0" engine-version="3.5.0.0" clr-version="4.0.30319.42000" start-time="2025-10-25 02:22:23Z" end-time="2025-10-25 02:22:29Z" duration="6.5627527">
  <test-suite type="TestSuite" id="1045" name="Gorgonzola" fullname="Gorgonzola" runstate="Runnable" testcasecount="34" result="Failed" site="Child" start-time="2025-10-25 02:22:23Z" end-time="2025-10-25 02:22:29Z" duration="6.562753" total="4" passed="1" failed="3" inconclusive="0" skipped="0" asserts="0">
    <properties>
      <property name="platform" value="PlayMode" />
    </properties>
    <failure>
      <message><![CDATA[One or more child tests had errors]]></message>
    </failure>
    <test-suite type="Assembly" id="1039" name="GorgonzolaMM.Tests.PlayMode.dll" fullname="E:/Tiny_Walnut_Games/Gorgonzola/Library/ScriptAssemblies/GorgonzolaMM.Tests.PlayMode.dll" runstate="Runnable" testcasecount="34" result="Failed" site="Child" start-time="2025-10-25 02:22:23Z" end-time="2025-10-25 02:22:29Z" duration="6.527465" total="4" passed="1" failed="3" inconclusive="0" skipped="0" asserts="0">
      <properties>
        <property name="_PID" value="14764" />
        <property name="_APPDOMAIN" value="Unity Child Domain" />
        <property name="platform" value="PlayMode" />
        <property name="EditorOnly" value="False" />
      </properties>
      <failure>
        <message><![CDATA[One or more child tests had errors]]></message>
      </failure>
      <test-suite type="TestSuite" id="1040" name="GorgonzolaMM" fullname="GorgonzolaMM" runstate="Runnable" testcasecount="34" result="Failed" site="Child" start-time="2025-10-25 02:22:23Z" end-time="2025-10-25 02:22:29Z" duration="6.517215" total="4" passed="1" failed="3" inconclusive="0" skipped="0" asserts="0">
        <properties />
        <failure>
          <message><![CDATA[One or more child tests had errors]]></message>
        </failure>
        <test-suite type="TestSuite" id="1041" name="Tests" fullname="GorgonzolaMM.Tests" runstate="Runnable" testcasecount="34" result="Failed" site="Child" start-time="2025-10-25 02:22:23Z" end-time="2025-10-25 02:22:29Z" duration="6.507370" total="4" passed="1" failed="3" inconclusive="0" skipped="0" asserts="0">
          <properties />
          <failure>
            <message><![CDATA[One or more child tests had errors]]></message>
          </failure>
          <test-suite type="TestFixture" id="1001" name="AIBrainIntegrationTests" fullname="GorgonzolaMM.Tests.AIBrainIntegrationTests" classname="GorgonzolaMM.Tests.AIBrainIntegrationTests" runstate="Runnable" testcasecount="9" result="Passed" start-time="2025-10-25 02:22:23Z" end-time="2025-10-25 02:22:23Z" duration="0.307358" total="1" passed="1" failed="0" inconclusive="0" skipped="0" asserts="0">
            <properties>
              <property name="Category" value="AI" />
            </properties>
            <test-case id="1008" name="AIBrain_MinionPhase_TicksMinionBrains" fullname="GorgonzolaMM.Tests.AIBrainIntegrationTests.AIBrain_MinionPhase_TicksMinionBrains" methodname="AIBrain_MinionPhase_TicksMinionBrains" classname="GorgonzolaMM.Tests.AIBrainIntegrationTests" runstate="Runnable" seed="1129262146" result="Passed" start-time="2025-10-25 02:22:23Z" end-time="2025-10-25 02:22:23Z" duration="0.267268" asserts="0">
              <properties>
                <property name="_JOINTYPE" value="UnityCombinatorial" />
                <property name="retryIteration" value="0" />
                <property name="repeatIteration" value="0" />
              </properties>
              <reason>
                <message><![CDATA[]]></message>
              </reason>
              <output><![CDATA[[TurnManager] Ready. Awaiting first player input...
[TurnManager] Phase → PlayerTurn (Turn 0)
[TurnManager] Phase → EnemyTurn (Turn 0)
]]></output>
            </test-case>
          </test-suite>
          <test-suite type="TestFixture" id="1011" name="GameLoopE2ETests" fullname="GorgonzolaMM.Tests.GameLoopE2ETests" classname="GorgonzolaMM.Tests.GameLoopE2ETests" runstate="Runnable" testcasecount="8" result="Failed" site="Child" start-time="2025-10-25 02:22:23Z" end-time="2025-10-25 02:22:29Z" duration="6.185876" total="3" passed="0" failed="3" inconclusive="0" skipped="0" asserts="0">
            <properties>
              <property name="Category" value="GameLoop" />
            </properties>
            <failure>
              <message><![CDATA[One or more child tests had errors]]></message>
            </failure>
            <test-case id="1014" name="GameLoop_CompletePhaseCycle_TransitionsCorrectly" fullname="GorgonzolaMM.Tests.GameLoopE2ETests.GameLoop_CompletePhaseCycle_TransitionsCorrectly" methodname="GameLoop_CompletePhaseCycle_TransitionsCorrectly" classname="GorgonzolaMM.Tests.GameLoopE2ETests" runstate="Runnable" seed="1775154643" result="Failed" start-time="2025-10-25 02:22:23Z" end-time="2025-10-25 02:22:24Z" duration="1.280431" asserts="0">
              <properties>
                <property name="_JOINTYPE" value="UnityCombinatorial" />
                <property name="retryIteration" value="0" />
                <property name="repeatIteration" value="0" />
              </properties>
              <failure>
                <message><![CDATA[  Should cycle back to PlayerTurn or Idle
  Expected: True
  But was:  False
]]></message>
                <stack-trace><![CDATA[at GorgonzolaMM.Tests.GameLoopE2ETests+<GameLoop_CompletePhaseCycle_TransitionsCorrectly>d__11.MoveNext () [0x000ee] in E:\Tiny_Walnut_Games\Gorgonzola\Assets\Tests\PlayMode\GameLoopE2ETests.cs:92
at UnityEngine.TestTools.TestEnumerator+<Execute>d__7.MoveNext () [0x0004e] in .\Library\PackageCache\com.unity.test-framework@40b8da2bd3e9\UnityEngine.TestRunner\NUnitExtensions\Attributes\TestEnumerator.cs:44
]]></stack-trace>
              </failure>
              <output><![CDATA[[TurnManager] Ready. Awaiting first player input...
[TurnManager] Phase → PlayerTurn (Turn 0)
[TurnManager] Phase → EnemyTurn (Turn 0)
[TurnManager] Phase → MinionTurn (Turn 0)
]]></output>
            </test-case>
            <test-case id="1016" name="GameLoop_MultiTurnSimulation_RunsStably" fullname="GorgonzolaMM.Tests.GameLoopE2ETests.GameLoop_MultiTurnSimulation_RunsStably" methodname="GameLoop_MultiTurnSimulation_RunsStably" classname="GorgonzolaMM.Tests.GameLoopE2ETests" runstate="Runnable" seed="1968375156" result="Failed" start-time="2025-10-25 02:22:24Z" end-time="2025-10-25 02:22:28Z" duration="3.624460" asserts="0">
              <properties>
                <property name="_JOINTYPE" value="UnityCombinatorial" />
                <property name="retryIteration" value="0" />
                <property name="repeatIteration" value="0" />
              </properties>
              <failure>
                <message><![CDATA[  Expected: greater than or equal to 4
  But was:  1
]]></message>
                <stack-trace><![CDATA[at GorgonzolaMM.Tests.GameLoopE2ETests+<GameLoop_MultiTurnSimulation_RunsStably>d__13.MoveNext () [0x000a3] in E:\Tiny_Walnut_Games\Gorgonzola\Assets\Tests\PlayMode\GameLoopE2ETests.cs:132
at UnityEngine.TestTools.TestEnumerator+<Execute>d__7.MoveNext () [0x0004e] in .\Library\PackageCache\com.unity.test-framework@40b8da2bd3e9\UnityEngine.TestRunner\NUnitExtensions\Attributes\TestEnumerator.cs:44
]]></stack-trace>
              </failure>
              <output><![CDATA[[TurnManager] Ready. Awaiting first player input...
[TurnManager] Phase → PlayerTurn (Turn 0)
[TurnManager] Phase → EnemyTurn (Turn 0)
[TurnManager] Phase → MinionTurn (Turn 0)
[TurnManager] Phase → Resolution (Turn 0)
[TurnManager] Phase → PlayerTurn (Turn 1)
[TurnManager] Phase → EnemyTurn (Turn 1)
]]></output>
            </test-case>
            <test-case id="1015" name="GameLoop_TurnCountIncrements_AfterEachCycle" fullname="GorgonzolaMM.Tests.GameLoopE2ETests.GameLoop_TurnCountIncrements_AfterEachCycle" methodname="GameLoop_TurnCountIncrements_AfterEachCycle" classname="GorgonzolaMM.Tests.GameLoopE2ETests" runstate="Runnable" seed="1739624490" result="Failed" start-time="2025-10-25 02:22:28Z" end-time="2025-10-25 02:22:29Z" duration="1.252060" asserts="0">
              <properties>
                <property name="_JOINTYPE" value="UnityCombinatorial" />
                <property name="retryIteration" value="0" />
                <property name="repeatIteration" value="0" />
              </properties>
              <failure>
                <message><![CDATA[  Expected: greater than 0
  But was:  0
]]></message>
                <stack-trace><![CDATA[at GorgonzolaMM.Tests.GameLoopE2ETests+<GameLoop_TurnCountIncrements_AfterEachCycle>d__12.MoveNext () [0x00078] in E:\Tiny_Walnut_Games\Gorgonzola\Assets\Tests\PlayMode\GameLoopE2ETests.cs:112
at UnityEngine.TestTools.TestEnumerator+<Execute>d__7.MoveNext () [0x0004e] in .\Library\PackageCache\com.unity.test-framework@40b8da2bd3e9\UnityEngine.TestRunner\NUnitExtensions\Attributes\TestEnumerator.cs:44
]]></stack-trace>
              </failure>
              <output><![CDATA[[TurnManager] Ready. Awaiting first player input...
[TurnManager] Phase → PlayerTurn (Turn 0)
[TurnManager] Phase → EnemyTurn (Turn 0)
[TurnManager] Phase → MinionTurn (Turn 0)
Saving results to: C:/Users/Jerry/AppData/LocalLow/Tiny Walnut Games/Gorgonzola\TestResults.xml
]]></output>
            </test-case>
          </test-suite>
        </test-suite>
      </test-suite>
    </test-suite>
  </test-suite>
</test-run>